<?xml version="1.0" encoding="UTF-8"?>
<coverage generated="1605107466713" clover="3.2.0">
  <project timestamp="1605107466713" name="All files">
    <metrics statements="88" coveredstatements="88" conditionals="27" coveredconditionals="25" methods="14" coveredmethods="14" elements="129" coveredelements="127" complexity="0" loc="88" ncloc="88" packages="1" files="2" classes="2"/>
    <file name="GOL.ts" path="C:\Users\Niek\Documents\Github\freelance\Hackworth\conway-game-of-life\src\GOL.ts">
      <metrics statements="87" coveredstatements="87" conditionals="27" coveredconditionals="25" methods="13" coveredmethods="13"/>
      <line num="8" count="9" type="stmt"/>
      <line num="9" count="9" type="stmt"/>
      <line num="12" count="9" type="stmt"/>
      <line num="13" count="9" type="stmt"/>
      <line num="14" count="9" type="stmt"/>
      <line num="18" count="10" type="stmt"/>
      <line num="22" count="1" type="stmt"/>
      <line num="26" count="2" type="stmt"/>
      <line num="27" count="2" type="stmt"/>
      <line num="29" count="2" type="stmt"/>
      <line num="31" count="2" type="stmt"/>
      <line num="33" count="2" type="cond" truecount="2" falsecount="0"/>
      <line num="34" count="1" type="stmt"/>
      <line num="36" count="1" type="stmt"/>
      <line num="39" count="2" type="stmt"/>
      <line num="43" count="4" type="stmt"/>
      <line num="44" count="4" type="stmt"/>
      <line num="48" count="2" type="stmt"/>
      <line num="49" count="2" type="stmt"/>
      <line num="50" count="2" type="stmt"/>
      <line num="51" count="2" type="stmt"/>
      <line num="52" count="2" type="stmt"/>
      <line num="53" count="29" type="stmt"/>
      <line num="54" count="29" type="cond" truecount="2" falsecount="0"/>
      <line num="55" count="29" type="cond" truecount="2" falsecount="0"/>
      <line num="56" count="8" type="stmt"/>
      <line num="57" count="8" type="stmt"/>
      <line num="58" count="8" type="stmt"/>
      <line num="59" count="8" type="stmt"/>
      <line num="62" count="2" type="stmt"/>
      <line num="63" count="2" type="stmt"/>
      <line num="67" count="2" type="stmt"/>
      <line num="68" count="2" type="stmt"/>
      <line num="70" count="2" type="stmt"/>
      <line num="71" count="6" type="stmt"/>
      <line num="72" count="6" type="stmt"/>
      <line num="73" count="6" type="stmt"/>
      <line num="74" count="6" type="stmt"/>
      <line num="75" count="6" type="stmt"/>
      <line num="78" count="2" type="stmt"/>
      <line num="79" count="2" type="stmt"/>
      <line num="83" count="1" type="stmt"/>
      <line num="84" count="1" type="stmt"/>
      <line num="85" count="1" type="stmt"/>
      <line num="89" count="1" type="stmt"/>
      <line num="91" count="1" type="stmt"/>
      <line num="92" count="1" type="stmt"/>
      <line num="94" count="1" type="stmt"/>
      <line num="95" count="3" type="stmt"/>
      <line num="96" count="3" type="stmt"/>
      <line num="97" count="3" type="stmt"/>
      <line num="99" count="3" type="stmt"/>
      <line num="100" count="18" type="stmt"/>
      <line num="101" count="18" type="stmt"/>
      <line num="102" count="18" type="cond" truecount="3" falsecount="0"/>
      <line num="104" count="2" type="stmt"/>
      <line num="105" count="2" type="stmt"/>
      <line num="106" count="2" type="stmt"/>
      <line num="108" count="7" type="stmt"/>
      <line num="109" count="7" type="cond" truecount="2" falsecount="0"/>
      <line num="110" count="1" type="stmt"/>
      <line num="111" count="1" type="stmt"/>
      <line num="113" count="7" type="stmt"/>
      <line num="115" count="9" type="stmt"/>
      <line num="116" count="9" type="stmt"/>
      <line num="117" count="9" type="stmt"/>
      <line num="119" count="18" type="stmt"/>
      <line num="122" count="1" type="stmt"/>
      <line num="123" count="1" type="stmt"/>
      <line num="124" count="1" type="stmt"/>
      <line num="128" count="18" type="stmt"/>
      <line num="129" count="18" type="stmt"/>
      <line num="130" count="74" type="stmt"/>
      <line num="131" count="472" type="stmt"/>
      <line num="132" count="472" type="stmt"/>
      <line num="142" count="18" type="stmt"/>
      <line num="151" count="3" type="cond" truecount="2" falsecount="0"/>
      <line num="155" count="3" type="cond" truecount="1" falsecount="1"/>
      <line num="159" count="3" type="cond" truecount="2" falsecount="0"/>
      <line num="164" count="3" type="cond" truecount="2" falsecount="0"/>
      <line num="168" count="3" type="cond" truecount="2" falsecount="0"/>
      <line num="173" count="3" type="cond" truecount="2" falsecount="0"/>
      <line num="177" count="3" type="cond" truecount="1" falsecount="1"/>
      <line num="181" count="3" type="cond" truecount="2" falsecount="0"/>
      <line num="185" count="3" type="stmt"/>
      <line num="194" count="24" type="stmt"/>
      <line num="198" count="8" type="stmt"/>
    </file>
    <file name="helpers.ts" path="C:\Users\Niek\Documents\Github\freelance\Hackworth\conway-game-of-life\src\helpers.ts">
      <metrics statements="1" coveredstatements="1" conditionals="0" coveredconditionals="0" methods="1" coveredmethods="1"/>
      <line num="2" count="18" type="stmt"/>
    </file>
  </project>
</coverage>
