{"C:\\Users\\Niek\\Documents\\Github\\freelance\\Hackworth\\conway-game-of-life\\src\\GOL.ts": {"path":"C:\\Users\\Niek\\Documents\\Github\\freelance\\Hackworth\\conway-game-of-life\\src\\GOL.ts","statementMap":{"0":{"start":{"line":8,"column":26},"end":{"line":8,"column":27}},"1":{"start":{"line":9,"column":38},"end":{"line":9,"column":40}},"2":{"start":{"line":12,"column":4},"end":{"line":12,"column":26}},"3":{"start":{"line":13,"column":4},"end":{"line":13,"column":32}},"4":{"start":{"line":14,"column":4},"end":{"line":14,"column":58}},"5":{"start":{"line":18,"column":4},"end":{"line":18,"column":21}},"6":{"start":{"line":22,"column":4},"end":{"line":22,"column":22}},"7":{"start":{"line":26,"column":18},"end":{"line":26,"column":51}},"8":{"start":{"line":27,"column":17},"end":{"line":27,"column":61}},"9":{"start":{"line":29,"column":18},"end":{"line":29,"column":28}},"10":{"start":{"line":31,"column":4},"end":{"line":31,"column":24}},"11":{"start":{"line":33,"column":4},"end":{"line":37,"column":5}},"12":{"start":{"line":34,"column":6},"end":{"line":34,"column":41}},"13":{"start":{"line":36,"column":6},"end":{"line":36,"column":41}},"14":{"start":{"line":39,"column":4},"end":{"line":39,"column":34}},"15":{"start":{"line":43,"column":4},"end":{"line":43,"column":58}},"16":{"start":{"line":44,"column":4},"end":{"line":44,"column":30}},"17":{"start":{"line":48,"column":20},"end":{"line":48,"column":61}},"18":{"start":{"line":49,"column":19},"end":{"line":49,"column":39}},"19":{"start":{"line":50,"column":33},"end":{"line":50,"column":35}},"20":{"start":{"line":51,"column":4},"end":{"line":51,"column":17}},"21":{"start":{"line":52,"column":4},"end":{"line":61,"column":5}},"22":{"start":{"line":52,"column":17},"end":{"line":52,"column":18}},"23":{"start":{"line":53,"column":19},"end":{"line":53,"column":35}},"24":{"start":{"line":54,"column":20},"end":{"line":54,"column":55}},"25":{"start":{"line":55,"column":6},"end":{"line":60,"column":7}},"26":{"start":{"line":56,"column":24},"end":{"line":56,"column":50}},"27":{"start":{"line":57,"column":8},"end":{"line":57,"column":30}},"28":{"start":{"line":58,"column":8},"end":{"line":58,"column":35}},"29":{"start":{"line":59,"column":8},"end":{"line":59,"column":32}},"30":{"start":{"line":62,"column":4},"end":{"line":62,"column":24}},"31":{"start":{"line":63,"column":4},"end":{"line":63,"column":38}},"32":{"start":{"line":67,"column":17},"end":{"line":67,"column":58}},"33":{"start":{"line":68,"column":33},"end":{"line":68,"column":35}},"34":{"start":{"line":70,"column":4},"end":{"line":76,"column":5}},"35":{"start":{"line":71,"column":20},"end":{"line":71,"column":56}},"36":{"start":{"line":72,"column":19},"end":{"line":72,"column":58}},"37":{"start":{"line":73,"column":6},"end":{"line":73,"column":24}},"38":{"start":{"line":74,"column":6},"end":{"line":74,"column":31}},"39":{"start":{"line":75,"column":6},"end":{"line":75,"column":31}},"40":{"start":{"line":78,"column":4},"end":{"line":78,"column":21}},"41":{"start":{"line":79,"column":4},"end":{"line":79,"column":38}},"42":{"start":{"line":83,"column":4},"end":{"line":83,"column":26}},"43":{"start":{"line":84,"column":4},"end":{"line":84,"column":32}},"44":{"start":{"line":85,"column":4},"end":{"line":85,"column":17}},"45":{"start":{"line":89,"column":20},"end":{"line":89,"column":61}},"46":{"start":{"line":91,"column":32},"end":{"line":91,"column":77}},"47":{"start":{"line":92,"column":33},"end":{"line":92,"column":35}},"48":{"start":{"line":94,"column":4},"end":{"line":121,"column":5}},"49":{"start":{"line":94,"column":17},"end":{"line":94,"column":37}},"50":{"start":{"line":95,"column":18},"end":{"line":95,"column":30}},"51":{"start":{"line":96,"column":19},"end":{"line":96,"column":44}},"52":{"start":{"line":97,"column":25},"end":{"line":97,"column":59}},"53":{"start":{"line":99,"column":6},"end":{"line":120,"column":7}},"54":{"start":{"line":99,"column":19},"end":{"line":99,"column":40}},"55":{"start":{"line":100,"column":26},"end":{"line":100,"column":39}},"56":{"start":{"line":101,"column":8},"end":{"line":101,"column":36}},"57":{"start":{"line":102,"column":8},"end":{"line":118,"column":9}},"58":{"start":{"line":104,"column":12},"end":{"line":104,"column":35}},"59":{"start":{"line":105,"column":12},"end":{"line":105,"column":52}},"60":{"start":{"line":106,"column":12},"end":{"line":106,"column":18}},"61":{"start":{"line":108,"column":26},"end":{"line":108,"column":65}},"62":{"start":{"line":109,"column":12},"end":{"line":112,"column":13}},"63":{"start":{"line":110,"column":14},"end":{"line":110,"column":38}},"64":{"start":{"line":111,"column":14},"end":{"line":111,"column":54}},"65":{"start":{"line":113,"column":12},"end":{"line":113,"column":18}},"66":{"start":{"line":115,"column":12},"end":{"line":115,"column":36}},"67":{"start":{"line":116,"column":12},"end":{"line":116,"column":47}},"68":{"start":{"line":117,"column":12},"end":{"line":117,"column":18}},"69":{"start":{"line":119,"column":8},"end":{"line":119,"column":51}},"70":{"start":{"line":122,"column":4},"end":{"line":122,"column":17}},"71":{"start":{"line":123,"column":4},"end":{"line":123,"column":24}},"72":{"start":{"line":124,"column":4},"end":{"line":124,"column":38}},"73":{"start":{"line":128,"column":26},"end":{"line":128,"column":51}},"74":{"start":{"line":129,"column":4},"end":{"line":140,"column":5}},"75":{"start":{"line":129,"column":17},"end":{"line":129,"column":18}},"76":{"start":{"line":130,"column":6},"end":{"line":139,"column":7}},"77":{"start":{"line":130,"column":19},"end":{"line":130,"column":20}},"78":{"start":{"line":131,"column":22},"end":{"line":131,"column":37}},"79":{"start":{"line":132,"column":8},"end":{"line":138,"column":10}},"80":{"start":{"line":142,"column":4},"end":{"line":146,"column":6}},"81":{"start":{"line":151,"column":6},"end":{"line":153,"column":19}},"82":{"start":{"line":155,"column":6},"end":{"line":157,"column":19}},"83":{"start":{"line":159,"column":6},"end":{"line":161,"column":19}},"84":{"start":{"line":164,"column":6},"end":{"line":166,"column":19}},"85":{"start":{"line":168,"column":6},"end":{"line":170,"column":19}},"86":{"start":{"line":173,"column":6},"end":{"line":175,"column":19}},"87":{"start":{"line":177,"column":6},"end":{"line":179,"column":19}},"88":{"start":{"line":181,"column":6},"end":{"line":183,"column":19}},"89":{"start":{"line":185,"column":4},"end":{"line":194,"column":39}},"90":{"start":{"line":194,"column":23},"end":{"line":194,"column":27}},"91":{"start":{"line":198,"column":4},"end":{"line":198,"column":59}}},"fnMap":{"0":{"name":"(anonymous_0)","decl":{"start":{"line":11,"column":2},"end":{"line":11,"column":3}},"loc":{"start":{"line":11,"column":33},"end":{"line":15,"column":3}},"line":11},"1":{"name":"(anonymous_1)","decl":{"start":{"line":17,"column":2},"end":{"line":17,"column":3}},"loc":{"start":{"line":17,"column":20},"end":{"line":19,"column":3}},"line":17},"2":{"name":"(anonymous_2)","decl":{"start":{"line":21,"column":2},"end":{"line":21,"column":3}},"loc":{"start":{"line":21,"column":27},"end":{"line":23,"column":3}},"line":21},"3":{"name":"(anonymous_3)","decl":{"start":{"line":25,"column":2},"end":{"line":25,"column":3}},"loc":{"start":{"line":25,"column":53},"end":{"line":40,"column":3}},"line":25},"4":{"name":"(anonymous_4)","decl":{"start":{"line":42,"column":2},"end":{"line":42,"column":3}},"loc":{"start":{"line":42,"column":23},"end":{"line":45,"column":3}},"line":42},"5":{"name":"(anonymous_5)","decl":{"start":{"line":47,"column":2},"end":{"line":47,"column":3}},"loc":{"start":{"line":47,"column":27},"end":{"line":64,"column":3}},"line":47},"6":{"name":"(anonymous_6)","decl":{"start":{"line":66,"column":2},"end":{"line":66,"column":3}},"loc":{"start":{"line":66,"column":39},"end":{"line":80,"column":3}},"line":66},"7":{"name":"(anonymous_7)","decl":{"start":{"line":82,"column":2},"end":{"line":82,"column":3}},"loc":{"start":{"line":82,"column":63},"end":{"line":86,"column":3}},"line":82},"8":{"name":"(anonymous_8)","decl":{"start":{"line":88,"column":2},"end":{"line":88,"column":3}},"loc":{"start":{"line":88,"column":26},"end":{"line":125,"column":3}},"line":88},"9":{"name":"(anonymous_9)","decl":{"start":{"line":127,"column":2},"end":{"line":127,"column":3}},"loc":{"start":{"line":127,"column":59},"end":{"line":147,"column":3}},"line":127},"10":{"name":"(anonymous_10)","decl":{"start":{"line":149,"column":2},"end":{"line":149,"column":3}},"loc":{"start":{"line":149,"column":57},"end":{"line":195,"column":3}},"line":149},"11":{"name":"(anonymous_11)","decl":{"start":{"line":194,"column":13},"end":{"line":194,"column":14}},"loc":{"start":{"line":194,"column":23},"end":{"line":194,"column":27}},"line":194},"12":{"name":"(anonymous_12)","decl":{"start":{"line":197,"column":2},"end":{"line":197,"column":3}},"loc":{"start":{"line":197,"column":58},"end":{"line":199,"column":3}},"line":197}},"branchMap":{"0":{"loc":{"start":{"line":33,"column":4},"end":{"line":37,"column":5}},"type":"if","locations":[{"start":{"line":33,"column":4},"end":{"line":37,"column":5}},{"start":{"line":33,"column":4},"end":{"line":37,"column":5}}],"line":33},"1":{"loc":{"start":{"line":54,"column":20},"end":{"line":54,"column":55}},"type":"cond-expr","locations":[{"start":{"line":54,"column":43},"end":{"line":54,"column":47}},{"start":{"line":54,"column":50},"end":{"line":54,"column":55}}],"line":54},"2":{"loc":{"start":{"line":55,"column":6},"end":{"line":60,"column":7}},"type":"if","locations":[{"start":{"line":55,"column":6},"end":{"line":60,"column":7}},{"start":{"line":55,"column":6},"end":{"line":60,"column":7}}],"line":55},"3":{"loc":{"start":{"line":102,"column":8},"end":{"line":118,"column":9}},"type":"switch","locations":[{"start":{"line":103,"column":10},"end":{"line":106,"column":18}},{"start":{"line":107,"column":10},"end":{"line":113,"column":18}},{"start":{"line":114,"column":10},"end":{"line":117,"column":18}}],"line":102},"4":{"loc":{"start":{"line":109,"column":12},"end":{"line":112,"column":13}},"type":"if","locations":[{"start":{"line":109,"column":12},"end":{"line":112,"column":13}},{"start":{"line":109,"column":12},"end":{"line":112,"column":13}}],"line":109},"5":{"loc":{"start":{"line":151,"column":6},"end":{"line":153,"column":19}},"type":"cond-expr","locations":[{"start":{"line":152,"column":10},"end":{"line":152,"column":51}},{"start":{"line":153,"column":10},"end":{"line":153,"column":19}}],"line":151},"6":{"loc":{"start":{"line":155,"column":6},"end":{"line":157,"column":19}},"type":"cond-expr","locations":[{"start":{"line":156,"column":10},"end":{"line":156,"column":47}},{"start":{"line":157,"column":10},"end":{"line":157,"column":19}}],"line":155},"7":{"loc":{"start":{"line":159,"column":6},"end":{"line":161,"column":19}},"type":"cond-expr","locations":[{"start":{"line":160,"column":10},"end":{"line":160,"column":51}},{"start":{"line":161,"column":10},"end":{"line":161,"column":19}}],"line":159},"8":{"loc":{"start":{"line":164,"column":6},"end":{"line":166,"column":19}},"type":"cond-expr","locations":[{"start":{"line":165,"column":10},"end":{"line":165,"column":36}},{"start":{"line":166,"column":10},"end":{"line":166,"column":19}}],"line":164},"9":{"loc":{"start":{"line":168,"column":6},"end":{"line":170,"column":19}},"type":"cond-expr","locations":[{"start":{"line":169,"column":10},"end":{"line":169,"column":36}},{"start":{"line":170,"column":10},"end":{"line":170,"column":19}}],"line":168},"10":{"loc":{"start":{"line":173,"column":6},"end":{"line":175,"column":19}},"type":"cond-expr","locations":[{"start":{"line":174,"column":10},"end":{"line":174,"column":51}},{"start":{"line":175,"column":10},"end":{"line":175,"column":19}}],"line":173},"11":{"loc":{"start":{"line":177,"column":6},"end":{"line":179,"column":19}},"type":"cond-expr","locations":[{"start":{"line":178,"column":10},"end":{"line":178,"column":47}},{"start":{"line":179,"column":10},"end":{"line":179,"column":19}}],"line":177},"12":{"loc":{"start":{"line":181,"column":6},"end":{"line":183,"column":19}},"type":"cond-expr","locations":[{"start":{"line":182,"column":10},"end":{"line":182,"column":51}},{"start":{"line":183,"column":10},"end":{"line":183,"column":19}}],"line":181}},"s":{"0":9,"1":9,"2":9,"3":9,"4":9,"5":10,"6":1,"7":2,"8":2,"9":2,"10":2,"11":2,"12":1,"13":1,"14":2,"15":4,"16":4,"17":2,"18":2,"19":2,"20":2,"21":2,"22":2,"23":29,"24":29,"25":29,"26":8,"27":8,"28":8,"29":8,"30":2,"31":2,"32":2,"33":2,"34":2,"35":6,"36":6,"37":6,"38":6,"39":6,"40":2,"41":2,"42":1,"43":1,"44":1,"45":1,"46":1,"47":1,"48":1,"49":1,"50":3,"51":3,"52":3,"53":3,"54":3,"55":18,"56":18,"57":18,"58":2,"59":2,"60":2,"61":7,"62":7,"63":1,"64":1,"65":7,"66":9,"67":9,"68":9,"69":18,"70":1,"71":1,"72":1,"73":18,"74":18,"75":18,"76":74,"77":74,"78":472,"79":472,"80":18,"81":3,"82":3,"83":3,"84":3,"85":3,"86":3,"87":3,"88":3,"89":3,"90":24,"91":8},"f":{"0":9,"1":10,"2":1,"3":2,"4":4,"5":2,"6":2,"7":1,"8":1,"9":18,"10":3,"11":24,"12":8},"b":{"0":[1,1],"1":[8,21],"2":[8,21],"3":[2,7,9],"4":[1,6],"5":[2,1],"6":[3,0],"7":[2,1],"8":[2,1],"9":[2,1],"10":[2,1],"11":[3,0],"12":[2,1]},"_coverageSchema":"1a1c01bbd47fc00a2c39e90264f33305004495a9","hash":"1f0e3e3f7b7add9f2c35f1e12588e34b8e4f6a44"}
,"C:\\Users\\Niek\\Documents\\Github\\freelance\\Hackworth\\conway-game-of-life\\src\\helpers.ts": {"path":"C:\\Users\\Niek\\Documents\\Github\\freelance\\Hackworth\\conway-game-of-life\\src\\helpers.ts","statementMap":{"0":{"start":{"line":2,"column":2},"end":{"line":2,"column":44}}},"fnMap":{"0":{"name":"copyWithoutReference","decl":{"start":{"line":1,"column":16},"end":{"line":1,"column":36}},"loc":{"start":{"line":1,"column":54},"end":{"line":3,"column":1}},"line":1}},"branchMap":{},"s":{"0":18},"f":{"0":18},"b":{},"_coverageSchema":"1a1c01bbd47fc00a2c39e90264f33305004495a9","hash":"ed9ba473e490558765f4927ca7f8116c93d71c20"}
}
