{"C:\\Users\\Niek\\Documents\\Github\\freelance\\Hackworth\\conway-game-of-life\\src\\GOL.ts": {"path":"C:\\Users\\Niek\\Documents\\Github\\freelance\\Hackworth\\conway-game-of-life\\src\\GOL.ts","statementMap":{"0":{"start":{"line":8,"column":26},"end":{"line":8,"column":27}},"1":{"start":{"line":9,"column":38},"end":{"line":9,"column":40}},"2":{"start":{"line":12,"column":4},"end":{"line":12,"column":26}},"3":{"start":{"line":13,"column":4},"end":{"line":13,"column":32}},"4":{"start":{"line":14,"column":4},"end":{"line":14,"column":58}},"5":{"start":{"line":18,"column":4},"end":{"line":18,"column":21}},"6":{"start":{"line":22,"column":4},"end":{"line":22,"column":22}},"7":{"start":{"line":26,"column":28},"end":{"line":26,"column":32}},"8":{"start":{"line":27,"column":18},"end":{"line":27,"column":45}},"9":{"start":{"line":28,"column":17},"end":{"line":28,"column":61}},"10":{"start":{"line":29,"column":4},"end":{"line":29,"column":22}},"11":{"start":{"line":30,"column":4},"end":{"line":30,"column":34}},"12":{"start":{"line":31,"column":4},"end":{"line":31,"column":39}},"13":{"start":{"line":35,"column":4},"end":{"line":35,"column":58}},"14":{"start":{"line":36,"column":4},"end":{"line":36,"column":30}},"15":{"start":{"line":40,"column":20},"end":{"line":40,"column":61}},"16":{"start":{"line":41,"column":19},"end":{"line":41,"column":39}},"17":{"start":{"line":42,"column":33},"end":{"line":42,"column":35}},"18":{"start":{"line":43,"column":4},"end":{"line":43,"column":17}},"19":{"start":{"line":44,"column":4},"end":{"line":53,"column":5}},"20":{"start":{"line":44,"column":17},"end":{"line":44,"column":18}},"21":{"start":{"line":45,"column":19},"end":{"line":45,"column":35}},"22":{"start":{"line":46,"column":20},"end":{"line":46,"column":55}},"23":{"start":{"line":47,"column":6},"end":{"line":52,"column":7}},"24":{"start":{"line":48,"column":24},"end":{"line":48,"column":50}},"25":{"start":{"line":49,"column":8},"end":{"line":49,"column":30}},"26":{"start":{"line":50,"column":8},"end":{"line":50,"column":35}},"27":{"start":{"line":51,"column":8},"end":{"line":51,"column":44}},"28":{"start":{"line":54,"column":4},"end":{"line":54,"column":24}},"29":{"start":{"line":55,"column":4},"end":{"line":55,"column":38}},"30":{"start":{"line":59,"column":4},"end":{"line":59,"column":21}},"31":{"start":{"line":60,"column":4},"end":{"line":60,"column":27}},"32":{"start":{"line":61,"column":4},"end":{"line":61,"column":17}},"33":{"start":{"line":65,"column":20},"end":{"line":65,"column":61}},"34":{"start":{"line":67,"column":32},"end":{"line":67,"column":77}},"35":{"start":{"line":68,"column":33},"end":{"line":68,"column":35}},"36":{"start":{"line":70,"column":4},"end":{"line":97,"column":5}},"37":{"start":{"line":70,"column":17},"end":{"line":70,"column":37}},"38":{"start":{"line":71,"column":18},"end":{"line":71,"column":30}},"39":{"start":{"line":72,"column":19},"end":{"line":72,"column":44}},"40":{"start":{"line":73,"column":25},"end":{"line":73,"column":59}},"41":{"start":{"line":75,"column":6},"end":{"line":96,"column":7}},"42":{"start":{"line":75,"column":19},"end":{"line":75,"column":40}},"43":{"start":{"line":76,"column":26},"end":{"line":76,"column":39}},"44":{"start":{"line":77,"column":8},"end":{"line":77,"column":36}},"45":{"start":{"line":78,"column":8},"end":{"line":94,"column":9}},"46":{"start":{"line":80,"column":12},"end":{"line":80,"column":35}},"47":{"start":{"line":81,"column":12},"end":{"line":81,"column":52}},"48":{"start":{"line":82,"column":12},"end":{"line":82,"column":18}},"49":{"start":{"line":84,"column":26},"end":{"line":84,"column":65}},"50":{"start":{"line":85,"column":12},"end":{"line":88,"column":13}},"51":{"start":{"line":86,"column":14},"end":{"line":86,"column":38}},"52":{"start":{"line":87,"column":14},"end":{"line":87,"column":54}},"53":{"start":{"line":89,"column":12},"end":{"line":89,"column":18}},"54":{"start":{"line":91,"column":12},"end":{"line":91,"column":36}},"55":{"start":{"line":92,"column":12},"end":{"line":92,"column":47}},"56":{"start":{"line":93,"column":12},"end":{"line":93,"column":18}},"57":{"start":{"line":95,"column":8},"end":{"line":95,"column":51}},"58":{"start":{"line":98,"column":4},"end":{"line":98,"column":17}},"59":{"start":{"line":99,"column":4},"end":{"line":99,"column":24}},"60":{"start":{"line":100,"column":4},"end":{"line":100,"column":38}},"61":{"start":{"line":104,"column":26},"end":{"line":104,"column":51}},"62":{"start":{"line":105,"column":4},"end":{"line":116,"column":5}},"63":{"start":{"line":105,"column":17},"end":{"line":105,"column":18}},"64":{"start":{"line":106,"column":6},"end":{"line":115,"column":7}},"65":{"start":{"line":106,"column":19},"end":{"line":106,"column":20}},"66":{"start":{"line":107,"column":22},"end":{"line":107,"column":37}},"67":{"start":{"line":108,"column":8},"end":{"line":114,"column":10}},"68":{"start":{"line":118,"column":4},"end":{"line":122,"column":6}},"69":{"start":{"line":126,"column":26},"end":{"line":126,"column":52}},"70":{"start":{"line":127,"column":29},"end":{"line":127,"column":70}},"71":{"start":{"line":128,"column":32},"end":{"line":128,"column":73}},"72":{"start":{"line":129,"column":25},"end":{"line":129,"column":62}},"73":{"start":{"line":130,"column":28},"end":{"line":130,"column":65}},"74":{"start":{"line":131,"column":27},"end":{"line":131,"column":53}},"75":{"start":{"line":132,"column":30},"end":{"line":132,"column":71}},"76":{"start":{"line":133,"column":33},"end":{"line":133,"column":74}},"77":{"start":{"line":134,"column":4},"end":{"line":143,"column":29}},"78":{"start":{"line":143,"column":23},"end":{"line":143,"column":27}}},"fnMap":{"0":{"name":"(anonymous_0)","decl":{"start":{"line":11,"column":2},"end":{"line":11,"column":3}},"loc":{"start":{"line":11,"column":33},"end":{"line":15,"column":3}},"line":11},"1":{"name":"(anonymous_1)","decl":{"start":{"line":17,"column":2},"end":{"line":17,"column":3}},"loc":{"start":{"line":17,"column":20},"end":{"line":19,"column":3}},"line":17},"2":{"name":"(anonymous_2)","decl":{"start":{"line":21,"column":2},"end":{"line":21,"column":3}},"loc":{"start":{"line":21,"column":27},"end":{"line":23,"column":3}},"line":21},"3":{"name":"(anonymous_3)","decl":{"start":{"line":25,"column":2},"end":{"line":25,"column":3}},"loc":{"start":{"line":25,"column":46},"end":{"line":32,"column":3}},"line":25},"4":{"name":"(anonymous_4)","decl":{"start":{"line":34,"column":2},"end":{"line":34,"column":3}},"loc":{"start":{"line":34,"column":23},"end":{"line":37,"column":3}},"line":34},"5":{"name":"(anonymous_5)","decl":{"start":{"line":39,"column":2},"end":{"line":39,"column":3}},"loc":{"start":{"line":39,"column":27},"end":{"line":56,"column":3}},"line":39},"6":{"name":"(anonymous_6)","decl":{"start":{"line":58,"column":2},"end":{"line":58,"column":3}},"loc":{"start":{"line":58,"column":53},"end":{"line":62,"column":3}},"line":58},"7":{"name":"(anonymous_7)","decl":{"start":{"line":64,"column":2},"end":{"line":64,"column":3}},"loc":{"start":{"line":64,"column":26},"end":{"line":101,"column":3}},"line":64},"8":{"name":"(anonymous_8)","decl":{"start":{"line":103,"column":2},"end":{"line":103,"column":3}},"loc":{"start":{"line":103,"column":59},"end":{"line":123,"column":3}},"line":103},"9":{"name":"(anonymous_9)","decl":{"start":{"line":125,"column":2},"end":{"line":125,"column":3}},"loc":{"start":{"line":125,"column":57},"end":{"line":144,"column":3}},"line":125},"10":{"name":"(anonymous_10)","decl":{"start":{"line":143,"column":13},"end":{"line":143,"column":14}},"loc":{"start":{"line":143,"column":23},"end":{"line":143,"column":27}},"line":143}},"branchMap":{"0":{"loc":{"start":{"line":46,"column":20},"end":{"line":46,"column":55}},"type":"cond-expr","locations":[{"start":{"line":46,"column":43},"end":{"line":46,"column":47}},{"start":{"line":46,"column":50},"end":{"line":46,"column":55}}],"line":46},"1":{"loc":{"start":{"line":47,"column":6},"end":{"line":52,"column":7}},"type":"if","locations":[{"start":{"line":47,"column":6},"end":{"line":52,"column":7}},{"start":{"line":47,"column":6},"end":{"line":52,"column":7}}],"line":47},"2":{"loc":{"start":{"line":78,"column":8},"end":{"line":94,"column":9}},"type":"switch","locations":[{"start":{"line":79,"column":10},"end":{"line":82,"column":18}},{"start":{"line":83,"column":10},"end":{"line":89,"column":18}},{"start":{"line":90,"column":10},"end":{"line":93,"column":18}}],"line":78},"3":{"loc":{"start":{"line":85,"column":12},"end":{"line":88,"column":13}},"type":"if","locations":[{"start":{"line":85,"column":12},"end":{"line":88,"column":13}},{"start":{"line":85,"column":12},"end":{"line":88,"column":13}}],"line":85}},"s":{"0":4,"1":4,"2":4,"3":4,"4":4,"5":2,"6":1,"7":1,"8":1,"9":1,"10":1,"11":1,"12":1,"13":0,"14":0,"15":0,"16":0,"17":0,"18":0,"19":0,"20":0,"21":0,"22":0,"23":0,"24":0,"25":0,"26":0,"27":0,"28":0,"29":0,"30":0,"31":0,"32":0,"33":0,"34":0,"35":0,"36":0,"37":0,"38":0,"39":0,"40":0,"41":0,"42":0,"43":0,"44":0,"45":0,"46":0,"47":0,"48":0,"49":0,"50":0,"51":0,"52":0,"53":0,"54":0,"55":0,"56":0,"57":0,"58":0,"59":0,"60":0,"61":4,"62":4,"63":4,"64":17,"65":17,"66":79,"67":79,"68":4,"69":0,"70":0,"71":0,"72":0,"73":0,"74":0,"75":0,"76":0,"77":0,"78":0},"f":{"0":4,"1":2,"2":1,"3":1,"4":0,"5":0,"6":0,"7":0,"8":4,"9":0,"10":0},"b":{"0":[0,0],"1":[0,0],"2":[0,0,0],"3":[0,0]},"_coverageSchema":"1a1c01bbd47fc00a2c39e90264f33305004495a9","hash":"afdcfc937b3764c6b388625e6c55142d2d715e5f"}
,"C:\\Users\\Niek\\Documents\\Github\\freelance\\Hackworth\\conway-game-of-life\\src\\helpers.ts": {"path":"C:\\Users\\Niek\\Documents\\Github\\freelance\\Hackworth\\conway-game-of-life\\src\\helpers.ts","statementMap":{"0":{"start":{"line":2,"column":2},"end":{"line":2,"column":44}}},"fnMap":{"0":{"name":"copyWithoutReference","decl":{"start":{"line":1,"column":16},"end":{"line":1,"column":36}},"loc":{"start":{"line":1,"column":54},"end":{"line":3,"column":1}},"line":1}},"branchMap":{},"s":{"0":1},"f":{"0":1},"b":{},"_coverageSchema":"1a1c01bbd47fc00a2c39e90264f33305004495a9","hash":"ed9ba473e490558765f4927ca7f8116c93d71c20"}
}
