TN:
SF:src\GOL.ts
FN:11,(anonymous_0)
FN:17,(anonymous_1)
FN:21,(anonymous_2)
FN:25,(anonymous_3)
FN:42,(anonymous_4)
FN:47,(anonymous_5)
FN:66,(anonymous_6)
FN:82,(anonymous_7)
FN:88,(anonymous_8)
FN:127,(anonymous_9)
FN:149,(anonymous_10)
FN:194,(anonymous_11)
FN:197,(anonymous_12)
FNF:13
FNH:13
FNDA:9,(anonymous_0)
FNDA:10,(anonymous_1)
FNDA:1,(anonymous_2)
FNDA:2,(anonymous_3)
FNDA:4,(anonymous_4)
FNDA:2,(anonymous_5)
FNDA:2,(anonymous_6)
FNDA:1,(anonymous_7)
FNDA:1,(anonymous_8)
FNDA:18,(anonymous_9)
FNDA:3,(anonymous_10)
FNDA:24,(anonymous_11)
FNDA:8,(anonymous_12)
DA:8,9
DA:9,9
DA:12,9
DA:13,9
DA:14,9
DA:18,10
DA:22,1
DA:26,2
DA:27,2
DA:29,2
DA:31,2
DA:33,2
DA:34,1
DA:36,1
DA:39,2
DA:43,4
DA:44,4
DA:48,2
DA:49,2
DA:50,2
DA:51,2
DA:52,2
DA:53,29
DA:54,29
DA:55,29
DA:56,8
DA:57,8
DA:58,8
DA:59,8
DA:62,2
DA:63,2
DA:67,2
DA:68,2
DA:70,2
DA:71,6
DA:72,6
DA:73,6
DA:74,6
DA:75,6
DA:78,2
DA:79,2
DA:83,1
DA:84,1
DA:85,1
DA:89,1
DA:91,1
DA:92,1
DA:94,1
DA:95,3
DA:96,3
DA:97,3
DA:99,3
DA:100,18
DA:101,18
DA:102,18
DA:104,2
DA:105,2
DA:106,2
DA:108,7
DA:109,7
DA:110,1
DA:111,1
DA:113,7
DA:115,9
DA:116,9
DA:117,9
DA:119,18
DA:122,1
DA:123,1
DA:124,1
DA:128,18
DA:129,18
DA:130,74
DA:131,472
DA:132,472
DA:142,18
DA:151,3
DA:155,3
DA:159,3
DA:164,3
DA:168,3
DA:173,3
DA:177,3
DA:181,3
DA:185,3
DA:194,24
DA:198,8
LF:87
LH:87
BRDA:33,0,0,1
BRDA:33,0,1,1
BRDA:54,1,0,8
BRDA:54,1,1,21
BRDA:55,2,0,8
BRDA:55,2,1,21
BRDA:102,3,0,2
BRDA:102,3,1,7
BRDA:102,3,2,9
BRDA:109,4,0,1
BRDA:109,4,1,6
BRDA:151,5,0,2
BRDA:151,5,1,1
BRDA:155,6,0,3
BRDA:155,6,1,0
BRDA:159,7,0,2
BRDA:159,7,1,1
BRDA:164,8,0,2
BRDA:164,8,1,1
BRDA:168,9,0,2
BRDA:168,9,1,1
BRDA:173,10,0,2
BRDA:173,10,1,1
BRDA:177,11,0,3
BRDA:177,11,1,0
BRDA:181,12,0,2
BRDA:181,12,1,1
BRF:27
BRH:25
end_of_record
TN:
SF:src\helpers.ts
FN:1,copyWithoutReference
FNF:1
FNH:1
FNDA:18,copyWithoutReference
DA:2,18
LF:1
LH:1
BRF:0
BRH:0
end_of_record
